Flow report for TurboInterleaver
Mon Apr 29 01:50:50 2019
Quartus Prime Version 18.0.0 Build 614 04/24/2018 SJ Standard Edition


---------------------
; Table of Contents ;
---------------------
  1. Legal Notice
  2. Flow Summary
  3. Flow Settings
  4. Flow Non-Default Global Settings
  5. Flow Elapsed Time
  6. Flow OS Summary
  7. Flow Log
  8. Flow Messages
  9. Flow Suppressed Messages



----------------
; Legal Notice ;
----------------
Copyright (C) 2018  Intel Corporation. All rights reserved.
Your use of Intel Corporation's design tools, logic functions 
and other software and tools, and its AMPP partner logic 
functions, and any output files from any of the foregoing 
(including device programming or simulation files), and any 
associated documentation or information are expressly subject 
to the terms and conditions of the Intel Program License 
Subscription Agreement, the Intel Quartus Prime License Agreement,
the Intel FPGA IP License Agreement, or other applicable license
agreement, including, without limitation, that your use is for
the sole purpose of programming logic devices manufactured by
Intel and sold by Intel or its authorized distributors.  Please
refer to the applicable agreement for further details.



+-----------------------------------------------------------------------------------+
; Flow Summary                                                                      ;
+---------------------------------+-------------------------------------------------+
; Flow Status                     ; Successful - Mon Apr 29 01:50:50 2019           ;
; Quartus Prime Version           ; 18.0.0 Build 614 04/24/2018 SJ Standard Edition ;
; Revision Name                   ; TurboInterleaver                                ;
; Top-level Entity Name           ; HardwareTesting                                 ;
; Family                          ; Cyclone V                                       ;
; Device                          ; 5CEBA4F23C7                                     ;
; Timing Models                   ; Final                                           ;
; Logic utilization (in ALMs)     ; 9,031 / 18,480 ( 49 % )                         ;
; Total registers                 ; 24834                                           ;
; Total pins                      ; 29 / 224 ( 13 % )                               ;
; Total virtual pins              ; 0                                               ;
; Total block memory bits         ; 12,288 / 3,153,920 ( < 1 % )                    ;
; Total DSP Blocks                ; 0 / 66 ( 0 % )                                  ;
; Total HSSI RX PCSs              ; 0                                               ;
; Total HSSI PMA RX Deserializers ; 0                                               ;
; Total HSSI TX PCSs              ; 0                                               ;
; Total HSSI PMA TX Serializers   ; 0                                               ;
; Total PLLs                      ; 0 / 4 ( 0 % )                                   ;
; Total DLLs                      ; 0 / 4 ( 0 % )                                   ;
+---------------------------------+-------------------------------------------------+


+-----------------------------------------+
; Flow Settings                           ;
+-------------------+---------------------+
; Option            ; Setting             ;
+-------------------+---------------------+
; Start date & time ; 04/29/2019 01:44:31 ;
; Main task         ; Compilation         ;
; Revision Name     ; TurboInterleaver    ;
+-------------------+---------------------+


+---------------------------------------------------------------------------------------------------------------------------------------------+
; Flow Non-Default Global Settings                                                                                                            ;
+--------------------------------------+--------------------------------------------+------------------+-----------------+--------------------+
; Assignment Name                      ; Value                                      ; Default Value    ; Entity Name     ; Section Id         ;
+--------------------------------------+--------------------------------------------+------------------+-----------------+--------------------+
; COMPILER_SIGNATURE_ID                ; 167746773272756.155651667107080            ; --               ; --              ; --                 ;
; EDA_DESIGN_INSTANCE_NAME             ; NA                                         ; --               ; --              ; HardwareTesting_tb ;
; EDA_NATIVELINK_SIMULATION_TEST_BENCH ; HardwareTesting_tb                         ; --               ; --              ; eda_simulation     ;
; EDA_OUTPUT_DATA_FORMAT               ; Verilog Hdl                                ; --               ; --              ; eda_simulation     ;
; EDA_SIMULATION_TOOL                  ; ModelSim-Altera (Verilog)                  ; <None>           ; --              ; --                 ;
; EDA_TEST_BENCH_ENABLE_STATUS         ; TEST_BENCH_MODE                            ; --               ; --              ; eda_simulation     ;
; EDA_TEST_BENCH_FILE                  ; HardwareTesting_tb.v                       ; --               ; --              ; HardwareTesting_tb ;
; EDA_TEST_BENCH_MODULE_NAME           ; HardwareTesting_tb                         ; --               ; --              ; HardwareTesting_tb ;
; EDA_TEST_BENCH_NAME                  ; HardwareTesting_tb                         ; --               ; --              ; eda_simulation     ;
; EDA_TIME_SCALE                       ; 1 ps                                       ; --               ; --              ; eda_simulation     ;
; MAX_CORE_JUNCTION_TEMP               ; 85                                         ; --               ; --              ; --                 ;
; MIN_CORE_JUNCTION_TEMP               ; 0                                          ; --               ; --              ; --                 ;
; MISC_FILE                            ; TurboInterleaver_shiftRegOutFlags_inst.vhd ; --               ; --              ; --                 ;
; MISC_FILE                            ; TurboInterleaver_shiftRegOutFlags.cmp      ; --               ; --              ; --                 ;
; MISC_FILE                            ; TurboInterleaver_shiftRegOut.bsf           ; --               ; --              ; --                 ;
; MISC_FILE                            ; TurboInterleaver_shiftRegOut_bb.v          ; --               ; --              ; --                 ;
; MISC_FILE                            ; TurboInterleaver_shiftRegInFlags_inst.vhd  ; --               ; --              ; --                 ;
; MISC_FILE                            ; TurboInterleaver_shiftRegInFlags.cmp       ; --               ; --              ; --                 ;
; MISC_FILE                            ; TurboInterleaver_shiftRegIn.bsf            ; --               ; --              ; --                 ;
; MISC_FILE                            ; TurboInterleaver_shiftRegIn_bb.v           ; --               ; --              ; --                 ;
; MISC_FILE                            ; test_input_byte.cmp                        ; --               ; --              ; --                 ;
; MISC_FILE                            ; test_input_inst.vhd                        ; --               ; --              ; --                 ;
; MISC_FILE                            ; test_input.cmp                             ; --               ; --              ; --                 ;
; MISC_FILE                            ; delay3_inst.vhd                            ; --               ; --              ; --                 ;
; MISC_FILE                            ; delay3.cmp                                 ; --               ; --              ; --                 ;
; MISC_FILE                            ; delay1_inst.vhd                            ; --               ; --              ; --                 ;
; MISC_FILE                            ; delay1.cmp                                 ; --               ; --              ; --                 ;
; MISC_FILE                            ; counter_inst.vhd                           ; --               ; --              ; --                 ;
; MISC_FILE                            ; counter.cmp                                ; --               ; --              ; --                 ;
; MISC_FILE                            ; bytes_to_bits_inst.vhd                     ; --               ; --              ; --                 ;
; MISC_FILE                            ; bytes_to_bits.cmp                          ; --               ; --              ; --                 ;
; PARTITION_COLOR                      ; -- (Not supported for targeted family)     ; --               ; HardwareTesting ; Top                ;
; PARTITION_FITTER_PRESERVATION_LEVEL  ; -- (Not supported for targeted family)     ; --               ; HardwareTesting ; Top                ;
; PARTITION_NETLIST_TYPE               ; -- (Not supported for targeted family)     ; --               ; HardwareTesting ; Top                ;
; POWER_BOARD_THERMAL_MODEL            ; None (CONSERVATIVE)                        ; --               ; --              ; --                 ;
; POWER_PRESET_COOLING_SOLUTION        ; 23 MM HEAT SINK WITH 200 LFPM AIRFLOW      ; --               ; --              ; --                 ;
; PROJECT_OUTPUT_DIRECTORY             ; output_files                               ; --               ; --              ; --                 ;
; TOP_LEVEL_ENTITY                     ; HardwareTesting                            ; TurboInterleaver ; --              ; --                 ;
+--------------------------------------+--------------------------------------------+------------------+-----------------+--------------------+


+--------------------------------------------------------------------------------------------------------------------------+
; Flow Elapsed Time                                                                                                        ;
+----------------------+--------------+-------------------------+---------------------+------------------------------------+
; Module Name          ; Elapsed Time ; Average Processors Used ; Peak Virtual Memory ; Total CPU Time (on all processors) ;
+----------------------+--------------+-------------------------+---------------------+------------------------------------+
; Analysis & Synthesis ; 00:02:10     ; 1.3                     ; 1176 MB             ; 00:02:24                           ;
; Fitter               ; 00:03:16     ; 1.3                     ; 2506 MB             ; 00:09:08                           ;
; Assembler            ; 00:00:09     ; 1.0                     ; 826 MB              ; 00:00:09                           ;
; Timing Analyzer      ; 00:00:26     ; 2.7                     ; 1281 MB             ; 00:01:00                           ;
; EDA Netlist Writer   ; 00:00:06     ; 1.0                     ; 852 MB              ; 00:00:06                           ;
; Total                ; 00:06:07     ; --                      ; --                  ; 00:12:47                           ;
+----------------------+--------------+-------------------------+---------------------+------------------------------------+


+-----------------------------------------------------------------------------------+
; Flow OS Summary                                                                   ;
+----------------------+------------------+-----------+------------+----------------+
; Module Name          ; Machine Hostname ; OS Name   ; OS Version ; Processor type ;
+----------------------+------------------+-----------+------------+----------------+
; Analysis & Synthesis ; 01A-04           ; Windows 7 ; 6.1        ; x86_64         ;
; Fitter               ; 01A-04           ; Windows 7 ; 6.1        ; x86_64         ;
; Assembler            ; 01A-04           ; Windows 7 ; 6.1        ; x86_64         ;
; Timing Analyzer      ; 01A-04           ; Windows 7 ; 6.1        ; x86_64         ;
; EDA Netlist Writer   ; 01A-04           ; Windows 7 ; 6.1        ; x86_64         ;
+----------------------+------------------+-----------+------------+----------------+


------------
; Flow Log ;
------------
quartus_map --read_settings_files=on --write_settings_files=off TurboInterleaver -c TurboInterleaver
quartus_fit --read_settings_files=off --write_settings_files=off TurboInterleaver -c TurboInterleaver
quartus_asm --read_settings_files=off --write_settings_files=off TurboInterleaver -c TurboInterleaver
quartus_sta TurboInterleaver -c TurboInterleaver
quartus_eda --read_settings_files=off --write_settings_files=off TurboInterleaver -c TurboInterleaver



